<?xml version="1.0" encoding="UTF-8"?>
<!-- Generated by org.testng.reporters.JUnitXMLReporter -->
<testsuite ignored="0" hostname="DESKTOP-L5K1S3V" failures="1" tests="4" name="Search By Name" time="25.343" errors="0" timestamp="2022-11-05T12:15:48 EDT">
  <testcase classname="com.abc.tests.TC01_SearchEmployees" name="login" time="5.097"/>
  <testcase classname="com.abc.tests.TC01_SearchEmployees" name="searchEmployeesByName" time="11.653"/>
  <testcase classname="com.abc.tests.TC01_SearchEmployees" name="validateEmployeeResults" time="0.599"/>
  <testcase classname="com.abc.tests.TC01_SearchEmployees" name="logout" time="0.002">
    <failure type="java.lang.AssertionError" message="The following asserts failed:
	expected [Linda Jane] but found [Linda ]">
      <![CDATA[java.lang.AssertionError: The following asserts failed:
expected [Linda Jane] but found [Linda ]
at com.abc.tests.TC01_SearchEmployees.logout(TC01_SearchEmployees.java:44)
at java.base/java.util.ArrayList.forEach(ArrayList.java:1511)
... Removed 27 stack frames]]>
    </failure>
  </testcase> <!-- logout -->
</testsuite> <!-- Search By Name -->
