<?xml version="1.0" encoding="UTF-8"?>
<!-- Generated by org.testng.reporters.JUnitXMLReporter -->
<testsuite ignored="0" hostname="DESKTOP-L5K1S3V" failures="1" tests="4" name="Search By Name" time="46.817" errors="0" timestamp="2022-11-14T19:45:58 EST">
  <testcase classname="com.abc.tests.TC01_SearchEmployees" name="login" time="4.811"/>
  <testcase classname="com.abc.tests.TC01_SearchEmployees" name="searchEmployeesByName" time="9.387"/>
  <testcase classname="com.abc.tests.TC01_SearchEmployees" name="validateEmployeeResults" time="1.272"/>
  <testcase classname="com.abc.tests.TC01_SearchEmployees" name="logout" time="0.0">
    <failure type="java.lang.AssertionError" message="The following asserts failed:
	expected [Linda Jane] but found [Linda Jane Anderson]">
      <![CDATA[java.lang.AssertionError: The following asserts failed:
expected [Linda Jane] but found [Linda Jane Anderson]
at com.abc.tests.TC01_SearchEmployees.logout(TC01_SearchEmployees.java:44)
at java.base/java.util.ArrayList.forEach(ArrayList.java:1511)
... Removed 33 stack frames]]>
    </failure>
  </testcase> <!-- logout -->
</testsuite> <!-- Search By Name -->
